<?xml version="1.0" encoding="UTF-8"?>
<robot generator="Robot 7.2.2 (Python 3.13.1 on win32)" generated="2025-02-17T15:02:58.433061" rpa="false" schemaversion="5">
<suite id="s1" name="Validar Mensagens De Erro" source="c:\Users\marjo\Documents\Automacao site DemoBlaze\testes\Validar_Mensagens_De_Erro.robot">
<test id="s1-t1" name="Tentativa de log in inválida por nome de usuário incorreto" line="15">
<kw name="Dado que acesso o site do DemoBlaze" owner="setup_teardown" type="SETUP">
<kw name="Open Browser" owner="SeleniumLibrary">
<msg time="2025-02-17T15:02:58.792744" level="INFO">Opening browser 'firefox' to base url 'https://www.demoblaze.com/'.</msg>
<arg>url=https://www.demoblaze.com/</arg>
<arg>browser=firefox</arg>
<doc>Opens a new browser instance to the optional ``url``.</doc>
<status status="PASS" start="2025-02-17T15:02:58.792362" elapsed="8.057468"/>
</kw>
<kw name="Maximize Browser Window" owner="SeleniumLibrary">
<doc>Maximizes current browser window.</doc>
<status status="PASS" start="2025-02-17T15:03:06.850428" elapsed="0.004508"/>
</kw>
<status status="PASS" start="2025-02-17T15:02:58.791446" elapsed="8.063835"/>
</kw>
<kw name="E clico em login" owner="SimularCompraPage">
<kw name="Wait Until Element Is Visible" owner="SeleniumLibrary">
<arg>${LOGIN}</arg>
<arg>timeout=20s</arg>
<doc>Waits until the element ``locator`` is visible.</doc>
<status status="PASS" start="2025-02-17T15:03:06.860218" elapsed="0.044167"/>
</kw>
<kw name="Click Element" owner="SeleniumLibrary">
<msg time="2025-02-17T15:03:06.905001" level="INFO">Clicking element 'id:login2'.</msg>
<arg>${LOGIN}</arg>
<doc>Click the element identified by ``locator``.</doc>
<status status="PASS" start="2025-02-17T15:03:06.904670" elapsed="0.289774"/>
</kw>
<status status="PASS" start="2025-02-17T15:03:06.859554" elapsed="0.335669"/>
</kw>
<kw name="E preencho os dados do nome do usuário incorretamente" owner="ValidarMensagensDeErroPage">
<kw name="Click Element" owner="SeleniumLibrary">
<msg time="2025-02-17T15:03:07.197660" level="INFO">Clicking element 'id:loginusername'.</msg>
<arg>${CAMPO_USERNAME}</arg>
<doc>Click the element identified by ``locator``.</doc>
<status status="PASS" start="2025-02-17T15:03:07.197194" elapsed="0.280962"/>
</kw>
<kw name="Input Text" owner="SeleniumLibrary">
<msg time="2025-02-17T15:03:07.479702" level="INFO">Typing text 'Usuário incorreto' into text field 'id:loginusername'.</msg>
<arg>${CAMPO_USERNAME}</arg>
<arg>Usuário incorreto</arg>
<doc>Types the given ``text`` into the text field identified by ``locator``.</doc>
<status status="PASS" start="2025-02-17T15:03:07.479049" elapsed="0.027097"/>
</kw>
<kw name="Click Element" owner="SeleniumLibrary">
<msg time="2025-02-17T15:03:07.506688" level="INFO">Clicking element 'id:loginpassword'.</msg>
<arg>${CAMPO_SENHA}</arg>
<doc>Click the element identified by ``locator``.</doc>
<status status="PASS" start="2025-02-17T15:03:07.506435" elapsed="0.237980"/>
</kw>
<kw name="Input Password" owner="SeleniumLibrary">
<msg time="2025-02-17T15:03:07.745266" level="INFO">Typing password into text field 'id:loginpassword'.</msg>
<msg time="2025-02-17T15:03:07.753459" level="INFO">Temporally setting log level to: NONE</msg>
<arg>${CAMPO_SENHA}</arg>
<arg>1234</arg>
<doc>Types the given password into the text field identified by ``locator``.</doc>
<status status="PASS" start="2025-02-17T15:03:07.744855" elapsed="0.019043"/>
</kw>
<status status="PASS" start="2025-02-17T15:03:07.196337" elapsed="0.567820"/>
</kw>
<kw name="E clico no botão Log in para acessar o sistema" owner="SimularCompraPage">
<kw name="Click Button" owner="SeleniumLibrary">
<msg time="2025-02-17T15:03:07.765693" level="INFO">Clicking button 'css:#logInModal &gt; div &gt; div &gt; div.modal-footer &gt; button.btn.btn-primary'.</msg>
<arg>${BTN_LOGIN}</arg>
<doc>Clicks the button identified by ``locator``.</doc>
<status status="PASS" start="2025-02-17T15:03:07.765289" elapsed="0.226911"/>
</kw>
<status status="PASS" start="2025-02-17T15:03:07.764785" elapsed="0.227650"/>
</kw>
<kw name="Então o alerta de User does not exist deverá ser exibido" owner="ValidarMensagensDeErroPage">
<kw name="Handle Alert" owner="SeleniumLibrary">
<msg time="2025-02-17T15:03:07.994977" level="INFO">HANDLE::&lt;class 'NoneType'&gt;::None</msg>
<doc>Handles the current alert and returns its message.</doc>
<status status="PASS" start="2025-02-17T15:03:07.994754" elapsed="0.531969"/>
</kw>
<status status="PASS" start="2025-02-17T15:03:07.993736" elapsed="0.533181"/>
</kw>
<kw name="Fechar o navegador" owner="setup_teardown" type="TEARDOWN">
<kw name="Close Browser" owner="SeleniumLibrary">
<doc>Closes the current browser.</doc>
<status status="PASS" start="2025-02-17T15:03:08.529130" elapsed="2.852953"/>
</kw>
<status status="PASS" start="2025-02-17T15:03:08.528434" elapsed="2.853935"/>
</kw>
<status status="PASS" start="2025-02-17T15:02:58.790284" elapsed="12.592648"/>
</test>
<status status="PASS" start="2025-02-17T15:02:58.438362" elapsed="12.946240"/>
</suite>
<statistics>
<total>
<stat pass="1" fail="0" skip="0">All Tests</stat>
</total>
<tag>
</tag>
<suite>
<stat name="Validar Mensagens De Erro" id="s1" pass="1" fail="0" skip="0">Validar Mensagens De Erro</stat>
</suite>
</statistics>
<errors>
</errors>
</robot>
